2025-07-01 00:46:10 [main] INFO  c.a.journalApp.JournalApplication - Starting JournalApplication using Java 18.0.2.1 with PID 17264 (C:\Adnan\Work\projects\journalApp\target\classes started by 10adn in C:\Adnan\Work\projects\journalApp)
2025-07-01 00:46:10 [main] DEBUG c.a.journalApp.JournalApplication - Running with Spring Boot v3.3.13, Spring v6.1.21
2025-07-01 00:46:10 [main] INFO  c.a.journalApp.JournalApplication - The following 1 profile is active: "dev"
2025-07-01 00:46:11 [main] INFO  o.s.d.r.c.RepositoryConfigurationDelegate - Bootstrapping Spring Data MongoDB repositories in DEFAULT mode.
2025-07-01 00:46:11 [main] INFO  o.s.d.r.c.RepositoryConfigurationDelegate - Finished Spring Data repository scanning in 65 ms. Found 2 MongoDB repository interfaces.
2025-07-01 00:46:11 [main] INFO  o.s.b.w.e.tomcat.TomcatWebServer - Tomcat initialized with port 8081 (http)
2025-07-01 00:46:11 [main] INFO  o.a.coyote.http11.Http11NioProtocol - Initializing ProtocolHandler ["http-nio-8081"]
2025-07-01 00:46:11 [main] INFO  o.a.catalina.core.StandardService - Starting service [Tomcat]
2025-07-01 00:46:11 [main] INFO  o.a.catalina.core.StandardEngine - Starting Servlet engine: [Apache Tomcat/10.1.42]
2025-07-01 00:46:11 [main] INFO  o.a.c.c.C.[Tomcat].[localhost].[/] - Initializing Spring embedded WebApplicationContext
2025-07-01 00:46:11 [main] INFO  o.s.b.w.s.c.ServletWebServerApplicationContext - Root WebApplicationContext: initialization completed in 1361 ms
2025-07-01 00:46:12 [main] INFO  org.mongodb.driver.client - MongoClient with metadata {"application": {"name": "Cluster0"}, "driver": {"name": "mongo-java-driver|sync|spring-boot", "version": "5.0.1"}, "os": {"type": "Windows", "name": "Windows 11", "architecture": "amd64", "version": "10.0"}, "platform": "Java/Oracle Corporation/18.0.2.1+1-1"} created with settings MongoClientSettings{readPreference=primary, writeConcern=WriteConcern{w=majority, wTimeout=null ms, journal=null}, retryWrites=true, retryReads=true, readConcern=ReadConcern{level=null}, credential=MongoCredential{mechanism=null, userName='adnanm', source='admin', password=<hidden>, mechanismProperties=<hidden>}, transportSettings=null, commandListeners=[], codecRegistry=ProvidersCodecRegistry{codecProviders=[ValueCodecProvider{}, BsonValueCodecProvider{}, DBRefCodecProvider{}, DBObjectCodecProvider{}, DocumentCodecProvider{}, CollectionCodecProvider{}, IterableCodecProvider{}, MapCodecProvider{}, GeoJsonCodecProvider{}, GridFSFileCodecProvider{}, Jsr310CodecProvider{}, JsonObjectCodecProvider{}, BsonCodecProvider{}, EnumCodecProvider{}, com.mongodb.client.model.mql.ExpressionCodecProvider@3b481bf5, com.mongodb.Jep395RecordCodecProvider@2233cac0, com.mongodb.KotlinCodecProvider@67fb5025]}, loggerSettings=LoggerSettings{maxDocumentLength=1000}, clusterSettings={hosts=[127.0.0.1:27017], srvHost=cluster0.8jpd7gr.mongodb.net, srvServiceName=mongodb, mode=MULTIPLE, requiredClusterType=REPLICA_SET, requiredReplicaSetName='atlas-nlc5pz-shard-0', serverSelector='null', clusterListeners='[]', serverSelectionTimeout='30000 ms', localThreshold='15 ms'}, socketSettings=SocketSettings{connectTimeoutMS=10000, readTimeoutMS=0, receiveBufferSize=0, proxySettings=ProxySettings{host=null, port=null, username=null, password=null}}, heartbeatSocketSettings=SocketSettings{connectTimeoutMS=10000, readTimeoutMS=10000, receiveBufferSize=0, proxySettings=ProxySettings{host=null, port=null, username=null, password=null}}, connectionPoolSettings=ConnectionPoolSettings{maxSize=100, minSize=0, maxWaitTimeMS=120000, maxConnectionLifeTimeMS=0, maxConnectionIdleTimeMS=0, maintenanceInitialDelayMS=0, maintenanceFrequencyMS=60000, connectionPoolListeners=[], maxConnecting=2}, serverSettings=ServerSettings{heartbeatFrequencyMS=10000, minHeartbeatFrequencyMS=500, serverListeners='[]', serverMonitorListeners='[]'}, sslSettings=SslSettings{enabled=true, invalidHostNameAllowed=false, context=null}, applicationName='Cluster0', compressorList=[], uuidRepresentation=JAVA_LEGACY, serverApi=null, autoEncryptionSettings=null, dnsClient=null, inetAddressResolver=null, contextProvider=null}
2025-07-01 00:46:12 [cluster-ClusterId{value='6862e27bd5b4c575119c46b2', description='Cluster0'}-srv-cluster0.8jpd7gr.mongodb.net] INFO  org.mongodb.driver.cluster - Adding discovered server ac-voae2pu-shard-00-00.8jpd7gr.mongodb.net:27017 to client view of cluster
2025-07-01 00:46:12 [cluster-ClusterId{value='6862e27bd5b4c575119c46b2', description='Cluster0'}-srv-cluster0.8jpd7gr.mongodb.net] INFO  org.mongodb.driver.cluster - Adding discovered server ac-voae2pu-shard-00-01.8jpd7gr.mongodb.net:27017 to client view of cluster
2025-07-01 00:46:12 [cluster-ClusterId{value='6862e27bd5b4c575119c46b2', description='Cluster0'}-srv-cluster0.8jpd7gr.mongodb.net] INFO  org.mongodb.driver.cluster - Adding discovered server ac-voae2pu-shard-00-02.8jpd7gr.mongodb.net:27017 to client view of cluster
2025-07-01 00:46:12 [main] INFO  org.mongodb.driver.cluster - Waiting for server to become available for operation with ID 1. Remaining time: 30000 ms. Selector: WritableServerSelector, topology description: {type=REPLICA_SET, servers=[{address=ac-voae2pu-shard-00-01.8jpd7gr.mongodb.net:27017, type=UNKNOWN, state=CONNECTING}, {address=ac-voae2pu-shard-00-00.8jpd7gr.mongodb.net:27017, type=UNKNOWN, state=CONNECTING}, {address=ac-voae2pu-shard-00-02.8jpd7gr.mongodb.net:27017, type=UNKNOWN, state=CONNECTING}].
2025-07-01 00:46:13 [cluster-ClusterId{value='6862e27bd5b4c575119c46b2', description='Cluster0'}-ac-voae2pu-shard-00-02.8jpd7gr.mongodb.net:27017] INFO  org.mongodb.driver.cluster - Monitor thread successfully connected to server with description ServerDescription{address=ac-voae2pu-shard-00-02.8jpd7gr.mongodb.net:27017, type=REPLICA_SET_SECONDARY, state=CONNECTED, ok=true, minWireVersion=0, maxWireVersion=25, maxDocumentSize=16777216, logicalSessionTimeoutMinutes=30, roundTripTimeNanos=385867500, setName='atlas-nlc5pz-shard-0', canonicalAddress=ac-voae2pu-shard-00-02.8jpd7gr.mongodb.net:27017, hosts=[ac-voae2pu-shard-00-00.8jpd7gr.mongodb.net:27017, ac-voae2pu-shard-00-02.8jpd7gr.mongodb.net:27017, ac-voae2pu-shard-00-01.8jpd7gr.mongodb.net:27017], passives=[], arbiters=[], primary='ac-voae2pu-shard-00-01.8jpd7gr.mongodb.net:27017', tagSet=TagSet{[Tag{name='availabilityZone', value='aps1-az2'}, Tag{name='diskState', value='READY'}, Tag{name='nodeType', value='ELECTABLE'}, Tag{name='provider', value='AWS'}, Tag{name='region', value='AP_SOUTH_1'}, Tag{name='workloadType', value='OPERATIONAL'}]}, electionId=null, setVersion=296, topologyVersion=TopologyVersion{processId=6851b9344678a18481dd421f, counter=5}, lastWriteDate=Tue Jul 01 00:46:12 IST 2025, lastUpdateTimeNanos=953595402541500}
2025-07-01 00:46:13 [cluster-ClusterId{value='6862e27bd5b4c575119c46b2', description='Cluster0'}-ac-voae2pu-shard-00-01.8jpd7gr.mongodb.net:27017] INFO  org.mongodb.driver.cluster - Monitor thread successfully connected to server with description ServerDescription{address=ac-voae2pu-shard-00-01.8jpd7gr.mongodb.net:27017, type=REPLICA_SET_PRIMARY, state=CONNECTED, ok=true, minWireVersion=0, maxWireVersion=25, maxDocumentSize=16777216, logicalSessionTimeoutMinutes=30, roundTripTimeNanos=277576300, setName='atlas-nlc5pz-shard-0', canonicalAddress=ac-voae2pu-shard-00-01.8jpd7gr.mongodb.net:27017, hosts=[ac-voae2pu-shard-00-00.8jpd7gr.mongodb.net:27017, ac-voae2pu-shard-00-02.8jpd7gr.mongodb.net:27017, ac-voae2pu-shard-00-01.8jpd7gr.mongodb.net:27017], passives=[], arbiters=[], primary='ac-voae2pu-shard-00-01.8jpd7gr.mongodb.net:27017', tagSet=TagSet{[Tag{name='availabilityZone', value='aps1-az3'}, Tag{name='diskState', value='READY'}, Tag{name='nodeType', value='ELECTABLE'}, Tag{name='provider', value='AWS'}, Tag{name='region', value='AP_SOUTH_1'}, Tag{name='workloadType', value='OPERATIONAL'}]}, electionId=7fffffff000000000000010c, setVersion=296, topologyVersion=TopologyVersion{processId=6851b716840bc60dc405ec39, counter=9}, lastWriteDate=Tue Jul 01 00:46:12 IST 2025, lastUpdateTimeNanos=953595402513400}
2025-07-01 00:46:13 [cluster-ClusterId{value='6862e27bd5b4c575119c46b2', description='Cluster0'}-ac-voae2pu-shard-00-00.8jpd7gr.mongodb.net:27017] INFO  org.mongodb.driver.cluster - Monitor thread successfully connected to server with description ServerDescription{address=ac-voae2pu-shard-00-00.8jpd7gr.mongodb.net:27017, type=REPLICA_SET_SECONDARY, state=CONNECTED, ok=true, minWireVersion=0, maxWireVersion=25, maxDocumentSize=16777216, logicalSessionTimeoutMinutes=30, roundTripTimeNanos=395075400, setName='atlas-nlc5pz-shard-0', canonicalAddress=ac-voae2pu-shard-00-00.8jpd7gr.mongodb.net:27017, hosts=[ac-voae2pu-shard-00-00.8jpd7gr.mongodb.net:27017, ac-voae2pu-shard-00-02.8jpd7gr.mongodb.net:27017, ac-voae2pu-shard-00-01.8jpd7gr.mongodb.net:27017], passives=[], arbiters=[], primary='ac-voae2pu-shard-00-01.8jpd7gr.mongodb.net:27017', tagSet=TagSet{[Tag{name='availabilityZone', value='aps1-az1'}, Tag{name='diskState', value='READY'}, Tag{name='nodeType', value='ELECTABLE'}, Tag{name='provider', value='AWS'}, Tag{name='region', value='AP_SOUTH_1'}, Tag{name='workloadType', value='OPERATIONAL'}]}, electionId=null, setVersion=296, topologyVersion=TopologyVersion{processId=68625246b1b8b9bfe3e29572, counter=3}, lastWriteDate=Tue Jul 01 00:46:12 IST 2025, lastUpdateTimeNanos=953595402541500}
2025-07-01 00:46:13 [cluster-ClusterId{value='6862e27bd5b4c575119c46b2', description='Cluster0'}-ac-voae2pu-shard-00-01.8jpd7gr.mongodb.net:27017] INFO  org.mongodb.driver.cluster - Discovered replica set primary ac-voae2pu-shard-00-01.8jpd7gr.mongodb.net:27017 with max election id 7fffffff000000000000010c and max set version 296
2025-07-01 00:46:13 [main] WARN  o.s.s.c.a.a.c.InitializeUserDetailsBeanManagerConfigurer$InitializeUserDetailsManagerConfigurer - Global AuthenticationManager configured with an AuthenticationProvider bean. UserDetailsService beans will not be used for username/password login. Consider removing the AuthenticationProvider bean. Alternatively, consider using the UserDetailsService in a manually instantiated DaoAuthenticationProvider.
2025-07-01 00:46:14 [main] INFO  o.a.coyote.http11.Http11NioProtocol - Starting ProtocolHandler ["http-nio-8081"]
2025-07-01 00:46:14 [main] INFO  o.s.b.w.e.tomcat.TomcatWebServer - Tomcat started on port 8081 (http) with context path '/'
2025-07-01 00:46:14 [main] INFO  c.a.journalApp.JournalApplication - Started JournalApplication in 4.584 seconds (process running for 5.235)
2025-07-01 00:46:20 [http-nio-8081-exec-2] INFO  o.a.c.c.C.[Tomcat].[localhost].[/] - Initializing Spring DispatcherServlet 'dispatcherServlet'
2025-07-01 00:46:20 [http-nio-8081-exec-2] INFO  o.s.web.servlet.DispatcherServlet - Initializing Servlet 'dispatcherServlet'
2025-07-01 00:46:20 [http-nio-8081-exec-2] INFO  o.s.web.servlet.DispatcherServlet - Completed initialization in 1 ms
2025-07-01 00:46:21 [http-nio-8081-exec-2] INFO  c.a.journalApp.service.UserService - Dhunchak
2025-07-01 00:46:21 [http-nio-8081-exec-2] ERROR c.a.journalApp.service.UserService - Write operation error on server ac-voae2pu-shard-00-01.8jpd7gr.mongodb.net:27017. Write error: WriteError{code=11000, message='E11000 duplicate key error collection: journaldb.users index: userName dup key: { userName: "tester3" }', details={}}.
2025-07-01 00:46:21 [http-nio-8081-exec-2] WARN  c.a.journalApp.service.UserService - Warn Warn
2025-07-01 00:46:21 [http-nio-8081-exec-2] DEBUG c.a.journalApp.service.UserService - Debugged
2025-07-01 00:47:51 [main] INFO  c.a.journalApp.JournalApplication - Starting JournalApplication using Java 18.0.2.1 with PID 8156 (C:\Adnan\Work\projects\journalApp\target\classes started by 10adn in C:\Adnan\Work\projects\journalApp)
2025-07-01 00:47:51 [main] DEBUG c.a.journalApp.JournalApplication - Running with Spring Boot v3.3.13, Spring v6.1.21
2025-07-01 00:47:51 [main] INFO  c.a.journalApp.JournalApplication - The following 1 profile is active: "dev"
2025-07-01 00:47:52 [main] INFO  o.s.d.r.c.RepositoryConfigurationDelegate - Bootstrapping Spring Data MongoDB repositories in DEFAULT mode.
2025-07-01 00:47:52 [main] INFO  o.s.d.r.c.RepositoryConfigurationDelegate - Finished Spring Data repository scanning in 53 ms. Found 2 MongoDB repository interfaces.
2025-07-01 00:47:52 [main] INFO  o.s.b.w.e.tomcat.TomcatWebServer - Tomcat initialized with port 8081 (http)
2025-07-01 00:47:52 [main] INFO  o.a.coyote.http11.Http11NioProtocol - Initializing ProtocolHandler ["http-nio-8081"]
2025-07-01 00:47:52 [main] INFO  o.a.catalina.core.StandardService - Starting service [Tomcat]
2025-07-01 00:47:52 [main] INFO  o.a.catalina.core.StandardEngine - Starting Servlet engine: [Apache Tomcat/10.1.42]
2025-07-01 00:47:52 [main] INFO  o.a.c.c.C.[Tomcat].[localhost].[/] - Initializing Spring embedded WebApplicationContext
2025-07-01 00:47:52 [main] INFO  o.s.b.w.s.c.ServletWebServerApplicationContext - Root WebApplicationContext: initialization completed in 1360 ms
2025-07-01 00:47:53 [main] INFO  org.mongodb.driver.client - MongoClient with metadata {"application": {"name": "Cluster0"}, "driver": {"name": "mongo-java-driver|sync|spring-boot", "version": "5.0.1"}, "os": {"type": "Windows", "name": "Windows 11", "architecture": "amd64", "version": "10.0"}, "platform": "Java/Oracle Corporation/18.0.2.1+1-1"} created with settings MongoClientSettings{readPreference=primary, writeConcern=WriteConcern{w=majority, wTimeout=null ms, journal=null}, retryWrites=true, retryReads=true, readConcern=ReadConcern{level=null}, credential=MongoCredential{mechanism=null, userName='adnanm', source='admin', password=<hidden>, mechanismProperties=<hidden>}, transportSettings=null, commandListeners=[], codecRegistry=ProvidersCodecRegistry{codecProviders=[ValueCodecProvider{}, BsonValueCodecProvider{}, DBRefCodecProvider{}, DBObjectCodecProvider{}, DocumentCodecProvider{}, CollectionCodecProvider{}, IterableCodecProvider{}, MapCodecProvider{}, GeoJsonCodecProvider{}, GridFSFileCodecProvider{}, Jsr310CodecProvider{}, JsonObjectCodecProvider{}, BsonCodecProvider{}, EnumCodecProvider{}, com.mongodb.client.model.mql.ExpressionCodecProvider@359066bc, com.mongodb.Jep395RecordCodecProvider@385dfb63, com.mongodb.KotlinCodecProvider@364fd4ae]}, loggerSettings=LoggerSettings{maxDocumentLength=1000}, clusterSettings={hosts=[127.0.0.1:27017], srvHost=cluster0.8jpd7gr.mongodb.net, srvServiceName=mongodb, mode=MULTIPLE, requiredClusterType=REPLICA_SET, requiredReplicaSetName='atlas-nlc5pz-shard-0', serverSelector='null', clusterListeners='[]', serverSelectionTimeout='30000 ms', localThreshold='15 ms'}, socketSettings=SocketSettings{connectTimeoutMS=10000, readTimeoutMS=0, receiveBufferSize=0, proxySettings=ProxySettings{host=null, port=null, username=null, password=null}}, heartbeatSocketSettings=SocketSettings{connectTimeoutMS=10000, readTimeoutMS=10000, receiveBufferSize=0, proxySettings=ProxySettings{host=null, port=null, username=null, password=null}}, connectionPoolSettings=ConnectionPoolSettings{maxSize=100, minSize=0, maxWaitTimeMS=120000, maxConnectionLifeTimeMS=0, maxConnectionIdleTimeMS=0, maintenanceInitialDelayMS=0, maintenanceFrequencyMS=60000, connectionPoolListeners=[], maxConnecting=2}, serverSettings=ServerSettings{heartbeatFrequencyMS=10000, minHeartbeatFrequencyMS=500, serverListeners='[]', serverMonitorListeners='[]'}, sslSettings=SslSettings{enabled=true, invalidHostNameAllowed=false, context=null}, applicationName='Cluster0', compressorList=[], uuidRepresentation=JAVA_LEGACY, serverApi=null, autoEncryptionSettings=null, dnsClient=null, inetAddressResolver=null, contextProvider=null}
2025-07-01 00:47:53 [cluster-ClusterId{value='6862e2e1d4e79655ca5aa291', description='Cluster0'}-srv-cluster0.8jpd7gr.mongodb.net] INFO  org.mongodb.driver.cluster - Adding discovered server ac-voae2pu-shard-00-00.8jpd7gr.mongodb.net:27017 to client view of cluster
2025-07-01 00:47:53 [cluster-ClusterId{value='6862e2e1d4e79655ca5aa291', description='Cluster0'}-srv-cluster0.8jpd7gr.mongodb.net] INFO  org.mongodb.driver.cluster - Adding discovered server ac-voae2pu-shard-00-01.8jpd7gr.mongodb.net:27017 to client view of cluster
2025-07-01 00:47:53 [cluster-ClusterId{value='6862e2e1d4e79655ca5aa291', description='Cluster0'}-srv-cluster0.8jpd7gr.mongodb.net] INFO  org.mongodb.driver.cluster - Adding discovered server ac-voae2pu-shard-00-02.8jpd7gr.mongodb.net:27017 to client view of cluster
2025-07-01 00:47:53 [main] INFO  org.mongodb.driver.cluster - Waiting for server to become available for operation with ID 1. Remaining time: 30000 ms. Selector: WritableServerSelector, topology description: {type=REPLICA_SET, servers=[{address=ac-voae2pu-shard-00-01.8jpd7gr.mongodb.net:27017, type=UNKNOWN, state=CONNECTING}, {address=ac-voae2pu-shard-00-00.8jpd7gr.mongodb.net:27017, type=UNKNOWN, state=CONNECTING}, {address=ac-voae2pu-shard-00-02.8jpd7gr.mongodb.net:27017, type=UNKNOWN, state=CONNECTING}].
2025-07-01 00:47:54 [cluster-ClusterId{value='6862e2e1d4e79655ca5aa291', description='Cluster0'}-ac-voae2pu-shard-00-00.8jpd7gr.mongodb.net:27017] INFO  org.mongodb.driver.cluster - Monitor thread successfully connected to server with description ServerDescription{address=ac-voae2pu-shard-00-00.8jpd7gr.mongodb.net:27017, type=REPLICA_SET_SECONDARY, state=CONNECTED, ok=true, minWireVersion=0, maxWireVersion=25, maxDocumentSize=16777216, logicalSessionTimeoutMinutes=30, roundTripTimeNanos=308342200, setName='atlas-nlc5pz-shard-0', canonicalAddress=ac-voae2pu-shard-00-00.8jpd7gr.mongodb.net:27017, hosts=[ac-voae2pu-shard-00-00.8jpd7gr.mongodb.net:27017, ac-voae2pu-shard-00-02.8jpd7gr.mongodb.net:27017, ac-voae2pu-shard-00-01.8jpd7gr.mongodb.net:27017], passives=[], arbiters=[], primary='ac-voae2pu-shard-00-01.8jpd7gr.mongodb.net:27017', tagSet=TagSet{[Tag{name='availabilityZone', value='aps1-az1'}, Tag{name='diskState', value='READY'}, Tag{name='nodeType', value='ELECTABLE'}, Tag{name='provider', value='AWS'}, Tag{name='region', value='AP_SOUTH_1'}, Tag{name='workloadType', value='OPERATIONAL'}]}, electionId=null, setVersion=296, topologyVersion=TopologyVersion{processId=68625246b1b8b9bfe3e29572, counter=3}, lastWriteDate=Tue Jul 01 00:47:53 IST 2025, lastUpdateTimeNanos=953696493999600}
2025-07-01 00:47:54 [cluster-ClusterId{value='6862e2e1d4e79655ca5aa291', description='Cluster0'}-ac-voae2pu-shard-00-02.8jpd7gr.mongodb.net:27017] INFO  org.mongodb.driver.cluster - Monitor thread successfully connected to server with description ServerDescription{address=ac-voae2pu-shard-00-02.8jpd7gr.mongodb.net:27017, type=REPLICA_SET_SECONDARY, state=CONNECTED, ok=true, minWireVersion=0, maxWireVersion=25, maxDocumentSize=16777216, logicalSessionTimeoutMinutes=30, roundTripTimeNanos=305767100, setName='atlas-nlc5pz-shard-0', canonicalAddress=ac-voae2pu-shard-00-02.8jpd7gr.mongodb.net:27017, hosts=[ac-voae2pu-shard-00-00.8jpd7gr.mongodb.net:27017, ac-voae2pu-shard-00-02.8jpd7gr.mongodb.net:27017, ac-voae2pu-shard-00-01.8jpd7gr.mongodb.net:27017], passives=[], arbiters=[], primary='ac-voae2pu-shard-00-01.8jpd7gr.mongodb.net:27017', tagSet=TagSet{[Tag{name='availabilityZone', value='aps1-az2'}, Tag{name='diskState', value='READY'}, Tag{name='nodeType', value='ELECTABLE'}, Tag{name='provider', value='AWS'}, Tag{name='region', value='AP_SOUTH_1'}, Tag{name='workloadType', value='OPERATIONAL'}]}, electionId=null, setVersion=296, topologyVersion=TopologyVersion{processId=6851b9344678a18481dd421f, counter=5}, lastWriteDate=Tue Jul 01 00:47:53 IST 2025, lastUpdateTimeNanos=953696493715300}
2025-07-01 00:47:54 [cluster-ClusterId{value='6862e2e1d4e79655ca5aa291', description='Cluster0'}-ac-voae2pu-shard-00-01.8jpd7gr.mongodb.net:27017] INFO  org.mongodb.driver.cluster - Monitor thread successfully connected to server with description ServerDescription{address=ac-voae2pu-shard-00-01.8jpd7gr.mongodb.net:27017, type=REPLICA_SET_PRIMARY, state=CONNECTED, ok=true, minWireVersion=0, maxWireVersion=25, maxDocumentSize=16777216, logicalSessionTimeoutMinutes=30, roundTripTimeNanos=346761700, setName='atlas-nlc5pz-shard-0', canonicalAddress=ac-voae2pu-shard-00-01.8jpd7gr.mongodb.net:27017, hosts=[ac-voae2pu-shard-00-00.8jpd7gr.mongodb.net:27017, ac-voae2pu-shard-00-02.8jpd7gr.mongodb.net:27017, ac-voae2pu-shard-00-01.8jpd7gr.mongodb.net:27017], passives=[], arbiters=[], primary='ac-voae2pu-shard-00-01.8jpd7gr.mongodb.net:27017', tagSet=TagSet{[Tag{name='availabilityZone', value='aps1-az3'}, Tag{name='diskState', value='READY'}, Tag{name='nodeType', value='ELECTABLE'}, Tag{name='provider', value='AWS'}, Tag{name='region', value='AP_SOUTH_1'}, Tag{name='workloadType', value='OPERATIONAL'}]}, electionId=7fffffff000000000000010c, setVersion=296, topologyVersion=TopologyVersion{processId=6851b716840bc60dc405ec39, counter=9}, lastWriteDate=Tue Jul 01 00:47:53 IST 2025, lastUpdateTimeNanos=953696493712800}
2025-07-01 00:47:54 [cluster-ClusterId{value='6862e2e1d4e79655ca5aa291', description='Cluster0'}-ac-voae2pu-shard-00-01.8jpd7gr.mongodb.net:27017] INFO  org.mongodb.driver.cluster - Discovered replica set primary ac-voae2pu-shard-00-01.8jpd7gr.mongodb.net:27017 with max election id 7fffffff000000000000010c and max set version 296
2025-07-01 00:47:55 [main] WARN  o.s.s.c.a.a.c.InitializeUserDetailsBeanManagerConfigurer$InitializeUserDetailsManagerConfigurer - Global AuthenticationManager configured with an AuthenticationProvider bean. UserDetailsService beans will not be used for username/password login. Consider removing the AuthenticationProvider bean. Alternatively, consider using the UserDetailsService in a manually instantiated DaoAuthenticationProvider.
2025-07-01 00:47:55 [main] INFO  o.a.coyote.http11.Http11NioProtocol - Starting ProtocolHandler ["http-nio-8081"]
2025-07-01 00:47:55 [main] INFO  o.s.b.w.e.tomcat.TomcatWebServer - Tomcat started on port 8081 (http) with context path '/'
2025-07-01 00:47:55 [main] INFO  c.a.journalApp.JournalApplication - Started JournalApplication in 4.791 seconds (process running for 5.508)
2025-07-01 00:48:00 [http-nio-8081-exec-1] INFO  o.a.c.c.C.[Tomcat].[localhost].[/] - Initializing Spring DispatcherServlet 'dispatcherServlet'
2025-07-01 00:48:00 [http-nio-8081-exec-1] INFO  o.s.web.servlet.DispatcherServlet - Initializing Servlet 'dispatcherServlet'
2025-07-01 00:48:00 [http-nio-8081-exec-1] INFO  o.s.web.servlet.DispatcherServlet - Completed initialization in 2 ms
2025-07-01 00:48:00 [http-nio-8081-exec-1] INFO  c.a.journalApp.service.UserService - Dhunchak
2025-07-01 00:48:00 [http-nio-8081-exec-1] ERROR c.a.journalApp.service.UserService - Write operation error on server ac-voae2pu-shard-00-01.8jpd7gr.mongodb.net:27017. Write error: WriteError{code=11000, message='E11000 duplicate key error collection: journaldb.users index: userName dup key: { userName: "tester3" }', details={}}.
2025-07-01 00:48:00 [http-nio-8081-exec-1] WARN  c.a.journalApp.service.UserService - Warn Warn
2025-07-01 00:48:00 [http-nio-8081-exec-1] DEBUG c.a.journalApp.service.UserService - Debugged
2025-07-01 00:51:38 [cluster-ClusterId{value='6862e2e1d4e79655ca5aa291', description='Cluster0'}-ac-voae2pu-shard-00-00.8jpd7gr.mongodb.net:27017] INFO  org.mongodb.driver.cluster - Exception in monitor thread while connecting to server ac-voae2pu-shard-00-00.8jpd7gr.mongodb.net:27017
com.mongodb.MongoSocketReadTimeoutException: Timeout while receiving message
	at com.mongodb.internal.connection.InternalStreamConnection.translateReadException(InternalStreamConnection.java:705)
	at com.mongodb.internal.connection.InternalStreamConnection.receiveMessageWithAdditionalTimeout(InternalStreamConnection.java:583)
	at com.mongodb.internal.connection.InternalStreamConnection.receiveCommandMessageResponse(InternalStreamConnection.java:428)
	at com.mongodb.internal.connection.InternalStreamConnection.receive(InternalStreamConnection.java:381)
	at com.mongodb.internal.connection.DefaultServerMonitor$ServerMonitorRunnable.lookupServerDescription(DefaultServerMonitor.java:221)
	at com.mongodb.internal.connection.DefaultServerMonitor$ServerMonitorRunnable.run(DefaultServerMonitor.java:153)
	at java.base/java.lang.Thread.run(Thread.java:833)
Caused by: java.net.SocketTimeoutException: Read timed out
	at java.base/sun.nio.ch.NioSocketImpl.timedRead(NioSocketImpl.java:280)
	at java.base/sun.nio.ch.NioSocketImpl.implRead(NioSocketImpl.java:306)
	at java.base/sun.nio.ch.NioSocketImpl.read(NioSocketImpl.java:347)
	at java.base/sun.nio.ch.NioSocketImpl$1.read(NioSocketImpl.java:800)
	at java.base/java.net.Socket$SocketInputStream.read(Socket.java:966)
	at java.base/sun.security.ssl.SSLSocketInputRecord.read(SSLSocketInputRecord.java:478)
	at java.base/sun.security.ssl.SSLSocketInputRecord.readHeader(SSLSocketInputRecord.java:472)
	at java.base/sun.security.ssl.SSLSocketInputRecord.bytesInCompletePacket(SSLSocketInputRecord.java:70)
	at java.base/sun.security.ssl.SSLSocketImpl.readApplicationRecord(SSLSocketImpl.java:1460)
	at java.base/sun.security.ssl.SSLSocketImpl$AppInputStream.read(SSLSocketImpl.java:1064)
	at com.mongodb.internal.connection.SocketStream.read(SocketStream.java:176)
	at com.mongodb.internal.connection.SocketStream.read(SocketStream.java:196)
	at com.mongodb.internal.connection.InternalStreamConnection.receiveResponseBuffers(InternalStreamConnection.java:716)
	at com.mongodb.internal.connection.InternalStreamConnection.receiveMessageWithAdditionalTimeout(InternalStreamConnection.java:580)
	... 5 common frames omitted
2025-07-01 00:51:38 [cluster-ClusterId{value='6862e2e1d4e79655ca5aa291', description='Cluster0'}-ac-voae2pu-shard-00-02.8jpd7gr.mongodb.net:27017] INFO  org.mongodb.driver.cluster - Exception in monitor thread while connecting to server ac-voae2pu-shard-00-02.8jpd7gr.mongodb.net:27017
com.mongodb.MongoSocketReadTimeoutException: Timeout while receiving message
	at com.mongodb.internal.connection.InternalStreamConnection.translateReadException(InternalStreamConnection.java:705)
	at com.mongodb.internal.connection.InternalStreamConnection.receiveMessageWithAdditionalTimeout(InternalStreamConnection.java:583)
	at com.mongodb.internal.connection.InternalStreamConnection.receiveCommandMessageResponse(InternalStreamConnection.java:428)
	at com.mongodb.internal.connection.InternalStreamConnection.receive(InternalStreamConnection.java:381)
	at com.mongodb.internal.connection.DefaultServerMonitor$ServerMonitorRunnable.lookupServerDescription(DefaultServerMonitor.java:221)
	at com.mongodb.internal.connection.DefaultServerMonitor$ServerMonitorRunnable.run(DefaultServerMonitor.java:153)
	at java.base/java.lang.Thread.run(Thread.java:833)
Caused by: java.net.SocketTimeoutException: Read timed out
	at java.base/sun.nio.ch.NioSocketImpl.timedRead(NioSocketImpl.java:280)
	at java.base/sun.nio.ch.NioSocketImpl.implRead(NioSocketImpl.java:306)
	at java.base/sun.nio.ch.NioSocketImpl.read(NioSocketImpl.java:347)
	at java.base/sun.nio.ch.NioSocketImpl$1.read(NioSocketImpl.java:800)
	at java.base/java.net.Socket$SocketInputStream.read(Socket.java:966)
	at java.base/sun.security.ssl.SSLSocketInputRecord.read(SSLSocketInputRecord.java:478)
	at java.base/sun.security.ssl.SSLSocketInputRecord.readHeader(SSLSocketInputRecord.java:472)
	at java.base/sun.security.ssl.SSLSocketInputRecord.bytesInCompletePacket(SSLSocketInputRecord.java:70)
	at java.base/sun.security.ssl.SSLSocketImpl.readApplicationRecord(SSLSocketImpl.java:1460)
	at java.base/sun.security.ssl.SSLSocketImpl$AppInputStream.read(SSLSocketImpl.java:1064)
	at com.mongodb.internal.connection.SocketStream.read(SocketStream.java:176)
	at com.mongodb.internal.connection.SocketStream.read(SocketStream.java:196)
	at com.mongodb.internal.connection.InternalStreamConnection.receiveResponseBuffers(InternalStreamConnection.java:716)
	at com.mongodb.internal.connection.InternalStreamConnection.receiveMessageWithAdditionalTimeout(InternalStreamConnection.java:580)
	... 5 common frames omitted
2025-07-01 00:51:39 [cluster-ClusterId{value='6862e2e1d4e79655ca5aa291', description='Cluster0'}-ac-voae2pu-shard-00-00.8jpd7gr.mongodb.net:27017] INFO  org.mongodb.driver.cluster - Monitor thread successfully connected to server with description ServerDescription{address=ac-voae2pu-shard-00-00.8jpd7gr.mongodb.net:27017, type=REPLICA_SET_SECONDARY, state=CONNECTED, ok=true, minWireVersion=0, maxWireVersion=25, maxDocumentSize=16777216, logicalSessionTimeoutMinutes=30, roundTripTimeNanos=179323900, setName='atlas-nlc5pz-shard-0', canonicalAddress=ac-voae2pu-shard-00-00.8jpd7gr.mongodb.net:27017, hosts=[ac-voae2pu-shard-00-00.8jpd7gr.mongodb.net:27017, ac-voae2pu-shard-00-02.8jpd7gr.mongodb.net:27017, ac-voae2pu-shard-00-01.8jpd7gr.mongodb.net:27017], passives=[], arbiters=[], primary='ac-voae2pu-shard-00-01.8jpd7gr.mongodb.net:27017', tagSet=TagSet{[Tag{name='availabilityZone', value='aps1-az1'}, Tag{name='diskState', value='READY'}, Tag{name='nodeType', value='ELECTABLE'}, Tag{name='provider', value='AWS'}, Tag{name='region', value='AP_SOUTH_1'}, Tag{name='workloadType', value='OPERATIONAL'}]}, electionId=null, setVersion=296, topologyVersion=TopologyVersion{processId=68625246b1b8b9bfe3e29572, counter=3}, lastWriteDate=Tue Jul 01 00:51:39 IST 2025, lastUpdateTimeNanos=953921543226000}
2025-07-01 00:51:39 [cluster-ClusterId{value='6862e2e1d4e79655ca5aa291', description='Cluster0'}-ac-voae2pu-shard-00-02.8jpd7gr.mongodb.net:27017] INFO  org.mongodb.driver.cluster - Monitor thread successfully connected to server with description ServerDescription{address=ac-voae2pu-shard-00-02.8jpd7gr.mongodb.net:27017, type=REPLICA_SET_SECONDARY, state=CONNECTED, ok=true, minWireVersion=0, maxWireVersion=25, maxDocumentSize=16777216, logicalSessionTimeoutMinutes=30, roundTripTimeNanos=520375600, setName='atlas-nlc5pz-shard-0', canonicalAddress=ac-voae2pu-shard-00-02.8jpd7gr.mongodb.net:27017, hosts=[ac-voae2pu-shard-00-00.8jpd7gr.mongodb.net:27017, ac-voae2pu-shard-00-02.8jpd7gr.mongodb.net:27017, ac-voae2pu-shard-00-01.8jpd7gr.mongodb.net:27017], passives=[], arbiters=[], primary='ac-voae2pu-shard-00-01.8jpd7gr.mongodb.net:27017', tagSet=TagSet{[Tag{name='availabilityZone', value='aps1-az2'}, Tag{name='diskState', value='READY'}, Tag{name='nodeType', value='ELECTABLE'}, Tag{name='provider', value='AWS'}, Tag{name='region', value='AP_SOUTH_1'}, Tag{name='workloadType', value='OPERATIONAL'}]}, electionId=null, setVersion=296, topologyVersion=TopologyVersion{processId=6851b9344678a18481dd421f, counter=5}, lastWriteDate=Tue Jul 01 00:51:39 IST 2025, lastUpdateTimeNanos=953922070310500}
